#
# There is insufficient memory for the Java Runtime Environment to continue.
# Native memory allocation (malloc) failed to allocate 32744 bytes for ChunkPool::allocate
# Possible reasons:
#   The system is out of physical RAM or swap space
#   In 32 bit mode, the process size limit was hit
# Possible solutions:
#   Reduce memory load on the system
#   Increase physical memory or swap space
#   Check if swap backing store is full
#   Use 64 bit Java on a 64 bit OS
#   Decrease Java heap size (-Xmx/-Xms)
#   Decrease number of Java threads
#   Decrease Java thread stack sizes (-Xss)
#   Set larger code cache with -XX:ReservedCodeCacheSize=
# This output file may be truncated or incomplete.
#
#  Out of Memory Error (allocation.cpp:273), pid=8676, tid=0x00000000000025ac
#
# JRE version: Java(TM) SE Runtime Environment (8.0_181-b13) (build 1.8.0_181-b13)
# Java VM: Java HotSpot(TM) 64-Bit Server VM (25.181-b13 mixed mode windows-amd64 compressed oops)
# Failed to write core dump. Minidumps are not enabled by default on client versions of Windows
#

---------------  T H R E A D  ---------------

Current thread (0x00000000150ec000):  JavaThread "C1 CompilerThread1" daemon [_thread_in_native, id=9644, stack(0x0000000016200000,0x0000000016300000)]

Stack: [0x0000000016200000,0x0000000016300000]
[error occurred during error reporting (printing stack bounds), id 0xc0000005]

Native frames: (J=compiled Java code, j=interpreted, Vv=VM code, C=native code)


Current CompileTask:
C1:   9519  557   !   3       java.awt.DefaultKeyboardFocusManager::dispatchEvent (1640 bytes)


---------------  P R O C E S S  ---------------

Java Threads: ( => current thread )
  0x000000001b497000 JavaThread "TimerQueue" daemon [_thread_blocked, id=10144, stack(0x000000001c590000,0x000000001c690000)]
  0x00000000168be000 JavaThread "D3D Screen Updater" daemon [_thread_blocked, id=9652, stack(0x000000001ad80000,0x000000001ae80000)]
  0x0000000002dae800 JavaThread "DestroyJavaVM" [_thread_blocked, id=4556, stack(0x0000000002c10000,0x0000000002d10000)]
  0x00000000168b0000 JavaThread "AWT-EventQueue-0" [_thread_blocked, id=11892, stack(0x000000001a890000,0x000000001a990000)]
  0x000000001682b000 JavaThread "AWT-Windows" daemon [_thread_in_native, id=8520, stack(0x0000000016d30000,0x0000000016e30000)]
  0x000000001682a000 JavaThread "AWT-Shutdown" [_thread_blocked, id=12104, stack(0x0000000016c30000,0x0000000016d30000)]
  0x0000000016827000 JavaThread "Java2D Disposer" daemon [_thread_blocked, id=2356, stack(0x0000000016a60000,0x0000000016b60000)]
  0x0000000015130000 JavaThread "Service Thread" daemon [_thread_blocked, id=10860, stack(0x0000000016300000,0x0000000016400000)]
=>0x00000000150ec000 JavaThread "C1 CompilerThread1" daemon [_thread_in_native, id=9644, stack(0x0000000016200000,0x0000000016300000)]
  0x00000000150ac000 JavaThread "C2 CompilerThread0" daemon [_thread_blocked, id=3316, stack(0x0000000016100000,0x0000000016200000)]
  0x00000000150ab000 JavaThread "Attach Listener" daemon [_thread_blocked, id=5244, stack(0x0000000016000000,0x0000000016100000)]
  0x00000000150a7800 JavaThread "Signal Dispatcher" daemon [_thread_blocked, id=5776, stack(0x0000000015f00000,0x0000000016000000)]
  0x0000000015098000 JavaThread "Finalizer" daemon [_thread_blocked, id=2788, stack(0x0000000015cf0000,0x0000000015df0000)]
  0x0000000002ede000 JavaThread "Reference Handler" daemon [_thread_blocked, id=10808, stack(0x0000000015bf0000,0x0000000015cf0000)]

Other Threads:
  0x0000000015076000 VMThread [stack: 0x0000000015af0000,0x0000000015bf0000] [id=6240]
  0x0000000015134800 WatcherThread [stack: 0x0000000016400000,0x0000000016500000] [id=10276]

VM state:not at safepoint (normal execution)

VM Mutex/Monitor currently owned by a thread: None

Heap:
 PSYoungGen      total 17920K, used 5535K [0x00000000ec400000, 0x00000000ed800000, 0x0000000100000000)
  eden space 15360K, 36% used [0x00000000ec400000,0x00000000ec967e88,0x00000000ed300000)
  from space 2560K, 0% used [0x00000000ed580000,0x00000000ed580000,0x00000000ed800000)
  to   space 2560K, 0% used [0x00000000ed300000,0x00000000ed300000,0x00000000ed580000)
 ParOldGen       total 40960K, used 0K [0x00000000c4c00000, 0x00000000c7400000, 0x00000000ec400000)
  object space 40960K, 0% used [0x00000000c4c00000,0x00000000c4c00000,0x00000000c7400000)
 Metaspace       used 9997K, capacity 10166K, committed 10368K, reserved 1058816K
  class space    used 1240K, capacity 1319K, committed 1408K, reserved 1048576K

Card table byte_map: [0x00000000122b0000,0x0000000012490000] byte_map_base: 0x0000000011c8a000

Marking Bits: (ParMarkBitMap*) 0x0000000072152d00
 Begin Bits: [0x00000000127d0000, 0x00000000136a0000)
 End Bits:   [0x00000000136a0000, 0x0000000014570000)

Polling page: 0x0000000002d10000

CodeCache: size=245760Kb used=2243Kb max_used=2243Kb free=243516Kb
 bounds [0x0000000002ef0000, 0x0000000003160000, 0x0000000011ef0000]
 total_blobs=1010 nmethods=556 adapters=368
 compilation: enabled

Compilation events (10 events):
Event: 9.017 Thread 0x00000000150ec000 nmethod 549 0x000000000311d1d0 code [0x000000000311d3a0, 0x000000000311dcf8]
Event: 9.017 Thread 0x00000000150ec000  550   !   3       java.awt.EventQueue::wakeup (79 bytes)
Event: 9.019 Thread 0x00000000150ec000 nmethod 550 0x000000000311e190 code [0x000000000311e3a0, 0x000000000311ec18]
Event: 9.019 Thread 0x00000000150ec000  553       3       sun.awt.windows.WObjectPeer::getPeerForTarget (10 bytes)
Event: 9.021 Thread 0x00000000150ec000 nmethod 553 0x000000000311f0d0 code [0x000000000311f2a0, 0x000000000311fb78]
Event: 9.032 Thread 0x00000000150ec000  554       3       java.awt.EventQueue::setCurrentEventAndMostRecentTime (8 bytes)
Event: 9.034 Thread 0x00000000150ec000 nmethod 554 0x000000000311fed0 code [0x00000000031200a0, 0x00000000031206d8]
Event: 9.415 Thread 0x00000000150ec000  555       3       sun.awt.SunToolkit::isTouchKeyboardAutoShowEnabled (4 bytes)
Event: 9.416 Thread 0x00000000150ec000 nmethod 555 0x0000000003120a10 code [0x0000000003120b60, 0x0000000003120cb0]
Event: 9.426 Thread 0x00000000150ec000  557   !   3       java.awt.DefaultKeyboardFocusManager::dispatchEvent (1640 bytes)

GC Heap History (0 events):
No events

Deoptimization events (0 events):
No events

Classes redefined (0 events):
No events

Internal exceptions (10 events):
Event: 0.504 Thread 0x0000000002dae800 Exception <a 'java/lang/NoSuchMethodError': Method sun.misc.Unsafe.defineClass(Ljava/lang/String;[BII)Ljava/lang/Class; name or signature does not match> (0x00000000ec407cb0) thrown at [C:\re\workspace\8-2-build-windows-amd64-cygwin\jdk8u181\11358\hotspot
Event: 0.504 Thread 0x0000000002dae800 Exception <a 'java/lang/NoSuchMethodError': Method sun.misc.Unsafe.prefetchRead(Ljava/lang/Object;J)V name or signature does not match> (0x00000000ec407f98) thrown at [C:\re\workspace\8-2-build-windows-amd64-cygwin\jdk8u181\11358\hotspot\src\share\vm\prim
Event: 1.119 Thread 0x0000000002dae800 Exception <a 'java/security/PrivilegedActionException'> (0x00000000ec4e7f78) thrown at [C:\re\workspace\8-2-build-windows-amd64-cygwin\jdk8u181\11358\hotspot\src\share\vm\prims\jvm.cpp, line 1435]
Event: 1.119 Thread 0x0000000002dae800 Exception <a 'java/security/PrivilegedActionException'> (0x00000000ec4e8188) thrown at [C:\re\workspace\8-2-build-windows-amd64-cygwin\jdk8u181\11358\hotspot\src\share\vm\prims\jvm.cpp, line 1435]
Event: 1.124 Thread 0x0000000002dae800 Exception <a 'java/security/PrivilegedActionException'> (0x00000000ec4ec098) thrown at [C:\re\workspace\8-2-build-windows-amd64-cygwin\jdk8u181\11358\hotspot\src\share\vm\prims\jvm.cpp, line 1435]
Event: 1.124 Thread 0x0000000002dae800 Exception <a 'java/security/PrivilegedActionException'> (0x00000000ec4ec2a8) thrown at [C:\re\workspace\8-2-build-windows-amd64-cygwin\jdk8u181\11358\hotspot\src\share\vm\prims\jvm.cpp, line 1435]
Event: 1.151 Thread 0x0000000002dae800 Exception <a 'java/io/FileNotFoundException'> (0x00000000ec4f2660) thrown at [C:\re\workspace\8-2-build-windows-amd64-cygwin\jdk8u181\11358\hotspot\src\share\vm\prims\jni.cpp, line 709]
Event: 1.364 Thread 0x0000000002dae800 Exception <a 'java/lang/NoSuchFieldError': method resolution failed> (0x00000000ec5c3c58) thrown at [C:\re\workspace\8-2-build-windows-amd64-cygwin\jdk8u181\11358\hotspot\src\share\vm\prims\methodHandles.cpp, line 1167]
Event: 1.398 Thread 0x0000000002dae800 Exception <a 'java/lang/NoSuchFieldError': method resolution failed> (0x00000000ec5d11d8) thrown at [C:\re\workspace\8-2-build-windows-amd64-cygwin\jdk8u181\11358\hotspot\src\share\vm\prims\methodHandles.cpp, line 1167]
Event: 1.648 Thread 0x0000000002dae800 Exception <a 'java/io/FileNotFoundException'> (0x00000000ec66aa40) thrown at [C:\re\workspace\8-2-build-windows-amd64-cygwin\jdk8u181\11358\hotspot\src\share\vm\prims\jni.cpp, line 709]

Events (10 events):
Event: 3.390 loading class java/awt/AWTEvent$2
Event: 3.391 loading class java/awt/AWTEvent$2 done
Event: 3.391 loading class sun/reflect/UnsafeBooleanFieldAccessorImpl
Event: 3.391 loading class sun/reflect/UnsafeBooleanFieldAccessorImpl done
Event: 3.448 loading class javax/swing/Timer$1
Event: 3.449 loading class javax/swing/Timer$1 done
Event: 3.782 loading class java/awt/LightweightDispatcher$2
Event: 3.782 loading class java/awt/LightweightDispatcher$2 done
Event: 5.008 Executing VM operation: EnableBiasedLocking
Event: 5.009 Executing VM operation: EnableBiasedLocking done


Dynamic libraries:
0x00007ff779ed0000 - 0x00007ff779f07000 	C:\Program Files\Java\jdk1.8.0_181\bin\javaw.exe
0x00007ff892870000 - 0x00007ff892a51000 	C:\WINDOWS\SYSTEM32\ntdll.dll
0x00007ff891c10000 - 0x00007ff891cc2000 	C:\WINDOWS\System32\KERNEL32.DLL
0x00007ff88ec90000 - 0x00007ff88ef03000 	C:\WINDOWS\System32\KERNELBASE.dll
0x00007ff892400000 - 0x00007ff8924a1000 	C:\WINDOWS\System32\ADVAPI32.dll
0x00007ff8911e0000 - 0x00007ff89127e000 	C:\WINDOWS\System32\msvcrt.dll
0x00007ff892750000 - 0x00007ff8927ab000 	C:\WINDOWS\System32\sechost.dll
0x00007ff891cd0000 - 0x00007ff891df4000 	C:\WINDOWS\System32\RPCRT4.dll
0x00007ff892120000 - 0x00007ff8922b0000 	C:\WINDOWS\System32\USER32.dll
0x00007ff88fce0000 - 0x00007ff88fd00000 	C:\WINDOWS\System32\win32u.dll
0x00007ff8922b0000 - 0x00007ff8922d8000 	C:\WINDOWS\System32\GDI32.dll
0x00007ff88f0a0000 - 0x00007ff88f232000 	C:\WINDOWS\System32\gdi32full.dll
0x00007ff88f530000 - 0x00007ff88f5cf000 	C:\WINDOWS\System32\msvcp_win.dll
0x00007ff88f240000 - 0x00007ff88f33a000 	C:\WINDOWS\System32\ucrtbase.dll
0x00007ff8877d0000 - 0x00007ff887a39000 	C:\WINDOWS\WinSxS\amd64_microsoft.windows.common-controls_6595b64144ccf1df_6.0.17134.285_none_fb4297e330656775\COMCTL32.dll
0x00007ff8912b0000 - 0x00007ff8915d3000 	C:\WINDOWS\System32\combase.dll
0x00007ff88ef10000 - 0x00007ff88ef8a000 	C:\WINDOWS\System32\bcryptPrimitives.dll
0x00007ff891280000 - 0x00007ff8912ad000 	C:\WINDOWS\System32\IMM32.DLL
0x0000000071680000 - 0x0000000071752000 	C:\Program Files\Java\jdk1.8.0_181\jre\bin\msvcr100.dll
0x0000000071930000 - 0x00000000721d2000 	C:\Program Files\Java\jdk1.8.0_181\jre\bin\server\jvm.dll
0x00007ff892670000 - 0x00007ff892678000 	C:\WINDOWS\System32\PSAPI.DLL
0x00007ff8810f0000 - 0x00007ff8810f9000 	C:\WINDOWS\SYSTEM32\WSOCK32.dll
0x00007ff8927d0000 - 0x00007ff89283c000 	C:\WINDOWS\System32\WS2_32.dll
0x00007ff886bc0000 - 0x00007ff886be3000 	C:\WINDOWS\SYSTEM32\WINMM.dll
0x00007ff885880000 - 0x00007ff88588a000 	C:\WINDOWS\SYSTEM32\VERSION.dll
0x00007ff886b90000 - 0x00007ff886bba000 	C:\WINDOWS\SYSTEM32\winmmbase.dll
0x00007ff88ec40000 - 0x00007ff88ec89000 	C:\WINDOWS\System32\cfgmgr32.dll
0x0000000071840000 - 0x000000007184f000 	C:\Program Files\Java\jdk1.8.0_181\jre\bin\verify.dll
0x0000000071810000 - 0x0000000071839000 	C:\Program Files\Java\jdk1.8.0_181\jre\bin\java.dll
0x00000000717f0000 - 0x0000000071806000 	C:\Program Files\Java\jdk1.8.0_181\jre\bin\zip.dll
0x00007ff88fd00000 - 0x00007ff891140000 	C:\WINDOWS\System32\SHELL32.dll
0x00007ff892340000 - 0x00007ff8923e9000 	C:\WINDOWS\System32\shcore.dll
0x00007ff88f5d0000 - 0x00007ff88fcdd000 	C:\WINDOWS\System32\windows.storage.dll
0x00007ff8922e0000 - 0x00007ff892331000 	C:\WINDOWS\System32\shlwapi.dll
0x00007ff88ec20000 - 0x00007ff88ec31000 	C:\WINDOWS\System32\kernel.appcore.dll
0x00007ff88ec00000 - 0x00007ff88ec1f000 	C:\WINDOWS\System32\profapi.dll
0x00007ff88ebb0000 - 0x00007ff88ebfc000 	C:\WINDOWS\System32\powrprof.dll
0x00007ff88eba0000 - 0x00007ff88ebaa000 	C:\WINDOWS\System32\FLTLIB.DLL
0x00000000714e0000 - 0x0000000071679000 	C:\Program Files\Java\jdk1.8.0_181\jre\bin\awt.dll
0x00007ff892680000 - 0x00007ff892742000 	C:\WINDOWS\System32\OLEAUT32.dll
0x00007ff88cc80000 - 0x00007ff88cd0b000 	C:\WINDOWS\SYSTEM32\apphelp.dll
0x00007ff88d240000 - 0x00007ff88d269000 	C:\WINDOWS\system32\DWMAPI.DLL
0x00007ff88cff0000 - 0x00007ff88d088000 	C:\WINDOWS\system32\uxtheme.dll
0x00007ff85f810000 - 0x00007ff85f930000 	C:\WINDOWS\system32\opengl32.dll
0x00007ff87ac60000 - 0x00007ff87ac8c000 	C:\WINDOWS\SYSTEM32\GLU32.dll
0x00007ff891fa0000 - 0x00007ff892115000 	C:\WINDOWS\System32\MSCTF.dll
0x00007ff8924b0000 - 0x00007ff892601000 	C:\WINDOWS\System32\ole32.dll
0x00007ff86eb70000 - 0x00007ff86ed9f000 	C:\Program Files\Acer\Acer Power Management\SysHook.dll
0x00007ff891660000 - 0x00007ff89174d000 	C:\WINDOWS\System32\COMDLG32.dll
0x00007ff88c590000 - 0x00007ff88c597000 	C:\WINDOWS\SYSTEM32\MSIMG32.dll
0x00007ff888680000 - 0x00007ff888704000 	C:\WINDOWS\SYSTEM32\WINSPOOL.DRV
0x00007ff887a40000 - 0x00007ff887bda000 	C:\WINDOWS\WinSxS\amd64_microsoft.windows.gdiplus_6595b64144ccf1df_1.1.17134.285_none_2c2d8ac88af7e143\gdiplus.dll
0x00007ff889580000 - 0x00007ff8895eb000 	C:\WINDOWS\SYSTEM32\OLEACC.dll
0x00007ff888db0000 - 0x00007ff888f64000 	C:\WINDOWS\SYSTEM32\PROPSYS.dll
0x00007ff88e120000 - 0x00007ff88e158000 	C:\WINDOWS\SYSTEM32\IPHLPAPI.DLL
0x00007ff88e6e0000 - 0x00007ff88e705000 	C:\WINDOWS\SYSTEM32\bcrypt.dll
0x00007ff853ca0000 - 0x00007ff853e37000 	C:\WINDOWS\system32\d3d9.dll
0x00007ff885890000 - 0x00007ff8859f7000 	C:\WINDOWS\SYSTEM32\aticfx64.dll
0x00007ff88a790000 - 0x00007ff88a7b1000 	C:\WINDOWS\SYSTEM32\atiu9p64.dll
0x00007ff863790000 - 0x00007ff863fe9000 	C:\WINDOWS\SYSTEM32\atiumd64.dll
0x0000000072420000 - 0x0000000072ca8000 	C:\WINDOWS\SYSTEM32\atiumd6a.dll
0x0000000071490000 - 0x00000000714d7000 	C:\Program Files\Java\jdk1.8.0_181\jre\bin\fontmanager.dll
0x00007ff891140000 - 0x00007ff8911e0000 	C:\WINDOWS\System32\clbcatq.dll
0x00007ff88cd30000 - 0x00007ff88cede000 	C:\WINDOWS\SYSTEM32\WindowsCodecs.dll
0x00007ff887370000 - 0x00007ff8873c8000 	C:\WINDOWS\system32\dataexchange.dll
0x00007ff88bc80000 - 0x00007ff88bf8b000 	C:\WINDOWS\system32\d3d11.dll
0x00007ff88c9c0000 - 0x00007ff88cb5c000 	C:\WINDOWS\system32\dcomp.dll
0x00007ff88d930000 - 0x00007ff88d9eb000 	C:\WINDOWS\system32\dxgi.dll
0x00007ff88d3d0000 - 0x00007ff88d588000 	C:\WINDOWS\system32\twinapi.appcore.dll
0x00007ff88d320000 - 0x00007ff88d341000 	C:\WINDOWS\system32\RMCLIENT.dll
0x00007ff883dd0000 - 0x00007ff883e67000 	C:\WINDOWS\System32\TextInputFramework.dll
0x00007ff885b20000 - 0x00007ff885e3e000 	C:\WINDOWS\System32\CoreUIComponents.dll
0x00007ff88c5a0000 - 0x00007ff88c67a000 	C:\WINDOWS\System32\CoreMessaging.dll
0x00007ff88dc70000 - 0x00007ff88dca1000 	C:\WINDOWS\SYSTEM32\ntmarta.dll
0x00007ff88b2d0000 - 0x00007ff88b41d000 	C:\WINDOWS\SYSTEM32\wintypes.dll
0x00000000717d0000 - 0x00000000717ea000 	C:\Program Files\Java\jdk1.8.0_181\jre\bin\net.dll
0x00007ff88e3a0000 - 0x00007ff88e406000 	C:\WINDOWS\system32\mswsock.dll
0x00000000717b0000 - 0x00000000717c1000 	C:\Program Files\Java\jdk1.8.0_181\jre\bin\nio.dll
0x0000000071440000 - 0x0000000071482000 	C:\Program Files\Java\jdk1.8.0_181\jre\bin\t2k.dll

VM Arguments:
jvm_args: -Dfile.encoding=Cp1252 
java_command: cliente.Cliente
java_class_path (initial): C:\Program Files\Java\jdk1.8.0_181\jre\lib\resources.jar;C:\Program Files\Java\jdk1.8.0_181\jre\lib\rt.jar;C:\Program Files\Java\jdk1.8.0_181\jre\lib\jsse.jar;C:\Program Files\Java\jdk1.8.0_181\jre\lib\jce.jar;C:\Program Files\Java\jdk1.8.0_181\jre\lib\charsets.jar;C:\Program Files\Java\jdk1.8.0_181\jre\lib\jfr.jar;C:\Program Files\Java\jdk1.8.0_181\jre\lib\ext\access-bridge-64.jar;C:\Program Files\Java\jdk1.8.0_181\jre\lib\ext\cldrdata.jar;C:\Program Files\Java\jdk1.8.0_181\jre\lib\ext\dnsns.jar;C:\Program Files\Java\jdk1.8.0_181\jre\lib\ext\jaccess.jar;C:\Program Files\Java\jdk1.8.0_181\jre\lib\ext\jfxrt.jar;C:\Program Files\Java\jdk1.8.0_181\jre\lib\ext\localedata.jar;C:\Program Files\Java\jdk1.8.0_181\jre\lib\ext\nashorn.jar;C:\Program Files\Java\jdk1.8.0_181\jre\lib\ext\sunec.jar;C:\Program Files\Java\jdk1.8.0_181\jre\lib\ext\sunjce_provider.jar;C:\Program Files\Java\jdk1.8.0_181\jre\lib\ext\sunmscapi.jar;C:\Program Files\Java\jdk1.8.0_181\jre\lib\ext\sunpkcs11.jar;C:\Program Files\Java\jdk1.8.0_181\jre\lib\ext\zipfs.jar;C:\Users\Aaron\eclipse-workspace\PrueubaSockets\bin
Launcher Type: SUN_STANDARD

Environment Variables:
PATH=C:/Program Files/Java/jdk1.8.0_181/bin/../jre/bin/server;C:/Program Files/Java/jdk1.8.0_181/bin/../jre/bin;C:/Program Files/Java/jdk1.8.0_181/bin/../jre/lib/amd64;C:\Program Files (x86)\Common Files\Oracle\Java\javapath;C:\ProgramData\Oracle\Java\javapath;C:\Program Files (x86)\AMD APP\bin\x86_64;C:\Program Files (x86)\AMD APP\bin\x86;C:\WINDOWS\system32;C:\WINDOWS;C:\WINDOWS\System32\Wbem;C:\WINDOWS\System32\WindowsPowerShell\v1.0\;C:\Program Files (x86)\ATI Technologies\ATI.ACE\Core-Static;C:\WINDOWS\System32\OpenSSH\;C:\Users\Aaron\AppData\Local\Programs\Python\Python36-32\Scripts\;C:\Users\Aaron\AppData\Local\Programs\Python\Python36-32\;C:\Usuarios\Aaron\AppData\Local\Programs\Python;C:\Usuarios\Aaron\AppData\Local\Programs\Python\Scripts\;C:\Users\Aaron\AppData\Local\Microsoft\WindowsApps;;C:\WINDOWS\system32;
USERNAME=Aaron
OS=Windows_NT
PROCESSOR_IDENTIFIER=AMD64 Family 20 Model 2 Stepping 0, AuthenticAMD



---------------  S Y S T E M  ---------------

OS: Windows 10.0 , 64 bit Build 17134 (10.0.17134.1)

CPU:total 2 (initial active 2) (2 cores per cpu, 1 threads per core) family 20 model 2 stepping 0, cmov, cx8, fxsr, mmx, sse, sse2, sse3, ssse3, popcnt, mmxext, lzcnt, sse4a, tsc, tscinvbit, tscinv

Memory: 4k page, physical 3877128k(850280k free), swap 15935752k(4128k free)

vm_info: Java HotSpot(TM) 64-Bit Server VM (25.181-b13) for windows-amd64 JRE (1.8.0_181-b13), built on Jul  7 2018 04:01:33 by "java_re" with MS VC++ 10.0 (VS2010)

time: Sun Sep 16 22:06:43 2018
elapsed time: 9 seconds (0d 0h 0m 9s)

